<?xml version="1.0" encoding="UTF-8"?>
<!-- Generated by org.testng.reporters.JUnitReportReporter -->
<testsuite hostname="DESKTOP-NK01B5C" failures="0" tests="2" name="com.qa.testLayer.MoniterTest" time="98.881" errors="0" timestamp="2022-12-27T23:46:29 IST" skipped="0">
  <testcase classname="com.qa.testLayer.MoniterTest" name="buyMoniter" time="49.124"/>
  <system-out/>
  <testcase classname="com.qa.testLayer.MoniterTest" name="buyAsusMoniter" time="49.757"/>
  <system-out/>
</testsuite> <!-- com.qa.testLayer.MoniterTest -->
