<?xml version="1.0" encoding="UTF-8"?>
<!-- Generated by org.testng.reporters.JUnitReportReporter -->
<testsuite hostname="DESKTOP-NK01B5C" failures="0" tests="1" name="com.qa.testLayer.LoginTest" time="27.760" errors="0" timestamp="2022-11-22T20:02:33 IST" skipped="0">
  <testcase classname="com.qa.testLayer.LoginTest" name="loginToOrangeHrm" time="27.760"/>
  <system-out/>
</testsuite> <!-- com.qa.testLayer.LoginTest -->
