<?xml version="1.0" encoding="UTF-8"?>
<!-- Generated by org.testng.reporters.JUnitReportReporter -->
<testsuite hostname="DESKTOP-NK01B5C" failures="0" tests="2" name="com.qa.testLayer.LaptopTest" time="95.574" errors="0" timestamp="2022-11-23T00:47:20 IST" skipped="0">
  <testcase classname="com.qa.testLayer.LaptopTest" name="buyLaptop" time="47.010"/>
  <system-out/>
  <testcase classname="com.qa.testLayer.LaptopTest" name="buyDellLaptop" time="48.564"/>
  <system-out/>
</testsuite> <!-- com.qa.testLayer.LaptopTest -->
