<?xml version="1.0" encoding="UTF-8"?>
<!-- Generated by org.testng.reporters.JUnitReportReporter -->
<testsuite hostname="DESKTOP-NK01B5C" failures="0" tests="2" name="com.qa.testLayer.MoniterTest" time="98.219" errors="0" timestamp="2022-11-23T00:47:20 IST" skipped="0">
  <testcase classname="com.qa.testLayer.MoniterTest" name="buyAsusMoniter" time="48.209"/>
  <system-out/>
  <testcase classname="com.qa.testLayer.MoniterTest" name="buyMoniter" time="50.010"/>
  <system-out/>
</testsuite> <!-- com.qa.testLayer.MoniterTest -->
