<?xml version="1.0" encoding="UTF-8"?>
<!-- Generated by org.testng.reporters.JUnitReportReporter -->
<testsuite hostname="DESKTOP-NK01B5C" failures="0" tests="2" name="com.qa.testLayer.LaptopTest" time="95.265" errors="0" timestamp="2022-12-27T23:46:29 IST" skipped="0">
  <testcase classname="com.qa.testLayer.LaptopTest" name="buyLaptop" time="47.605"/>
  <system-out/>
  <testcase classname="com.qa.testLayer.LaptopTest" name="buyDellLaptop" time="47.660"/>
  <system-out/>
</testsuite> <!-- com.qa.testLayer.LaptopTest -->
