<?xml version="1.0" encoding="UTF-8"?>
<!-- Generated by org.testng.reporters.JUnitReportReporter -->
<testsuite hostname="DESKTOP-NK01B5C" failures="0" tests="2" name="com.qa.testLayer.PhoneTest" time="104.713" errors="0" timestamp="2022-11-23T00:47:20 IST" skipped="0">
  <testcase classname="com.qa.testLayer.PhoneTest" name="buyPhone" time="47.140"/>
  <system-out/>
  <testcase classname="com.qa.testLayer.PhoneTest" name="buyNexusPhone" time="57.573"/>
  <system-out/>
</testsuite> <!-- com.qa.testLayer.PhoneTest -->
