<?xml version="1.0" encoding="UTF-8"?>
<!-- Generated by org.testng.reporters.JUnitReportReporter -->
<testsuite hostname="DESKTOP-NK01B5C" failures="0" tests="2" name="com.qa.testLayer.PhoneTest" time="97.255" errors="0" timestamp="2022-12-27T23:46:29 IST" skipped="0">
  <testcase classname="com.qa.testLayer.PhoneTest" name="buyPhone" time="47.004"/>
  <system-out/>
  <testcase classname="com.qa.testLayer.PhoneTest" name="buyNexusPhone" time="50.251"/>
  <system-out/>
</testsuite> <!-- com.qa.testLayer.PhoneTest -->
